Bluetooth_Social/build/outputs/logs/manifest-merger-debug-report.txt
-- Merging decision tree log ---
manifest
ADDED from src\main\AndroidManifest.xml:2:1-146:12
INJECTED from src\main\AndroidManifest.xml:2:1-146:12
INJECTED from src\main\AndroidManifest.xml:2:1-146:12
INJECTED from src\main\AndroidManifest.xml:2:1-146:12
INJECTED from src\main\AndroidManifest.xml:2:1-146:12
INJECTED from src\main\AndroidManifest.xml:2:1-146:12
INJECTED from src\main\AndroidManifest.xml:2:1-146:12
	package
		ADDED from src\main\AndroidManifest.xml:3:5-30
		INJECTED from src\main\AndroidManifest.xml
		INJECTED from src\main\AndroidManifest.xml
	android:versionName
		ADDED from src\main\AndroidManifest.xml:5:5-30
		INJECTED from src\main\AndroidManifest.xml
		INJECTED from src\main\AndroidManifest.xml
	xmlns:android
		ADDED from src\main\AndroidManifest.xml:2:11-69
	android:versionCode
		ADDED from src\main\AndroidManifest.xml:4:5-28
		INJECTED from src\main\AndroidManifest.xml
		INJECTED from src\main\AndroidManifest.xml
uses-permission#android.permission.READ_PHONE_STATE
ADDED from src\main\AndroidManifest.xml:8:5-75
	android:name
		ADDED from src\main\AndroidManifest.xml:8:22-72
uses-permission#android.permission.ACCESS_NETWORK_STATE
ADDED from src\main\AndroidManifest.xml:9:5-10:23
	android:name
		ADDED from src\main\AndroidManifest.xml:9:22-76
uses-permission#android.permission.ACCESS_FINE_LOCATION
ADDED from src\main\AndroidManifest.xml:11:5-12:23
	android:name
		ADDED from src\main\AndroidManifest.xml:11:22-76
uses-permission#android.permission.INTERNET
ADDED from src\main\AndroidManifest.xml:13:5-14:23
	android:name
		ADDED from src\main\AndroidManifest.xml:13:22-64
uses-permission#android.permission.ACCESS_WIFI_STATE
ADDED from src\main\AndroidManifest.xml:15:5-16:23
	android:name
		ADDED from src\main\AndroidManifest.xml:15:22-73
uses-permission#android.permission.CHANGE_WIFI_STATE
ADDED from src\main\AndroidManifest.xml:17:5-18:23
	android:name
		ADDED from src\main\AndroidManifest.xml:17:22-73
uses-permission#android.permission.RECORD_AUDIO
ADDED from src\main\AndroidManifest.xml:19:5-71
	android:name
		ADDED from src\main\AndroidManifest.xml:19:22-68
uses-permission#android.permission.BLUETOOTH_ADMIN
ADDED from src\main\AndroidManifest.xml:20:5-74
	android:name
		ADDED from src\main\AndroidManifest.xml:20:22-71
uses-permission#android.permission.BLUETOOTH
ADDED from src\main\AndroidManifest.xml:21:5-68
	android:name
		ADDED from src\main\AndroidManifest.xml:21:22-65
uses-permission#android.permission.WRITE_EXTERNAL_STORAGE
ADDED from src\main\AndroidManifest.xml:22:5-81
	android:name
		ADDED from src\main\AndroidManifest.xml:22:22-78
uses-permission#android.permission.MOUNT_UNMOUNT_FILESYSTEMS
ADDED from src\main\AndroidManifest.xml:23:5-24:23
	android:name
		ADDED from src\main\AndroidManifest.xml:23:22-81
uses-permission#android.permission.CAMERA
ADDED from src\main\AndroidManifest.xml:25:5-26:23
	android:name
		ADDED from src\main\AndroidManifest.xml:25:22-62
uses-permission#android.permission.VIBRATE
ADDED from src\main\AndroidManifest.xml:27:5-28:23
	android:name
		ADDED from src\main\AndroidManifest.xml:27:22-63
uses-permission#android.permission.MODIFY_AUDIO_SETTINGS
ADDED from src\main\AndroidManifest.xml:29:5-30:23
	android:name
		ADDED from src\main\AndroidManifest.xml:29:22-77
application
ADDED from src\main\AndroidManifest.xml:32:5-144:19
	android:label
		ADDED from src\main\AndroidManifest.xml:36:9-41
	android:icon
		ADDED from src\main\AndroidManifest.xml:35:9-42
	android:allowBackup
		ADDED from src\main\AndroidManifest.xml:33:9-35
	android:theme
		ADDED from src\main\AndroidManifest.xml:37:9-39
	android:name
		ADDED from src\main\AndroidManifest.xml:34:9-53
meta-data#BaiduMobAd_CHANNEL
ADDED from src\main\AndroidManifest.xml:40:9-42:46
	android:value
		ADDED from src\main\AndroidManifest.xml:42:13-43
	android:name
		ADDED from src\main\AndroidManifest.xml:41:13-46
meta-data#BaiduMobAd_STAT_ID
ADDED from src\main\AndroidManifest.xml:44:9-46:42
	android:value
		ADDED from src\main\AndroidManifest.xml:46:13-39
	android:name
		ADDED from src\main\AndroidManifest.xml:45:13-46
meta-data#BaiduMobAd_EXCEPTION_LOG
ADDED from src\main\AndroidManifest.xml:49:9-51:36
	android:value
		ADDED from src\main\AndroidManifest.xml:51:13-33
	android:name
		ADDED from src\main\AndroidManifest.xml:50:13-52
meta-data#BaiduMobAd_SEND_STRATEGY
ADDED from src\main\AndroidManifest.xml:54:9-56:41
	android:value
		ADDED from src\main\AndroidManifest.xml:56:13-38
	android:name
		ADDED from src\main\AndroidManifest.xml:55:13-52
meta-data#BaiduMobAd_ONLY_WIFI
ADDED from src\main\AndroidManifest.xml:60:9-62:37
	android:value
		ADDED from src\main\AndroidManifest.xml:62:13-34
	android:name
		ADDED from src\main\AndroidManifest.xml:61:13-48
service#edu.minggo.chat.control.BluetoothChatService
ADDED from src\main\AndroidManifest.xml:64:9-68:19
	android:name
		ADDED from src\main\AndroidManifest.xml:64:18-62
intent-filter#action:name:edu.minggo.chat.control.BluetoothChatService
ADDED from src\main\AndroidManifest.xml:65:13-67:29
action#edu.minggo.chat.control.BluetoothChatService
ADDED from src\main\AndroidManifest.xml:66:17-87
	android:name
		ADDED from src\main\AndroidManifest.xml:66:25-84
provider#edu.minggo.chat.database.MyContentProvider
ADDED from src\main\AndroidManifest.xml:70:9-72:80
	android:authorities
		ADDED from src\main\AndroidManifest.xml:72:13-77
	android:name
		ADDED from src\main\AndroidManifest.xml:71:13-55
activity#edu.minggo.chat.ui.ChattingMessageImageActivity
ADDED from src\main\AndroidManifest.xml:75:9-69
	android:name
		ADDED from src\main\AndroidManifest.xml:75:19-66
activity#edu.minggo.chat.ui.ExitFromPersonInfoActivity
ADDED from src\main\AndroidManifest.xml:76:9-78:58
	android:theme
		ADDED from src\main\AndroidManifest.xml:78:13-55
	android:name
		ADDED from src\main\AndroidManifest.xml:77:13-58
activity#edu.minggo.chat.ui.ExitFromSettingsActivity
ADDED from src\main\AndroidManifest.xml:79:9-81:58
	android:theme
		ADDED from src\main\AndroidManifest.xml:81:13-55
	android:name
		ADDED from src\main\AndroidManifest.xml:80:13-56
activity#edu.minggo.chat.ui.GameFiveTopRightDialog
ADDED from src\main\AndroidManifest.xml:82:9-84:55
	android:theme
		ADDED from src\main\AndroidManifest.xml:84:13-52
	android:name
		ADDED from src\main\AndroidManifest.xml:83:13-54
activity#edu.minggo.chat.ui.MainTopRightDialog
ADDED from src\main\AndroidManifest.xml:85:9-87:55
	android:theme
		ADDED from src\main\AndroidManifest.xml:87:13-52
	android:name
		ADDED from src\main\AndroidManifest.xml:86:13-50
activity#edu.minggo.chat.ui.MainTabActivity
ADDED from src\main\AndroidManifest.xml:88:9-91:55
	android:windowSoftInputMode
		ADDED from src\main\AndroidManifest.xml:91:13-52
	android:theme
		ADDED from src\main\AndroidManifest.xml:90:13-47
	android:name
		ADDED from src\main\AndroidManifest.xml:89:13-47
activity#edu.minggo.chat.ui.ExitActivity
ADDED from src\main\AndroidManifest.xml:92:9-94:57
	android:theme
		ADDED from src\main\AndroidManifest.xml:94:13-54
	android:name
		ADDED from src\main\AndroidManifest.xml:93:13-44
activity#edu.minggo.chat.ui.ChattingActivity
ADDED from src\main\AndroidManifest.xml:95:9-97:57
	android:windowSoftInputMode
		ADDED from src\main\AndroidManifest.xml:97:13-54
	android:name
		ADDED from src\main\AndroidManifest.xml:96:13-48
activity#edu.minggo.chat.ui.LoginActivity
ADDED from src\main\AndroidManifest.xml:98:9-106:20
	android:windowSoftInputMode
		ADDED from src\main\AndroidManifest.xml:100:13-54
	android:name
		ADDED from src\main\AndroidManifest.xml:99:13-45
intent-filter#action:name:android.intent.action.MAIN+category:name:android.intent.category.LAUNCHER
ADDED from src\main\AndroidManifest.xml:101:9-105:25
action#android.intent.action.MAIN
ADDED from src\main\AndroidManifest.xml:102:13-65
	android:name
		ADDED from src\main\AndroidManifest.xml:102:21-62
category#android.intent.category.LAUNCHER
ADDED from src\main\AndroidManifest.xml:104:13-73
	android:name
		ADDED from src\main\AndroidManifest.xml:104:23-70
activity#edu.minggo.chat.ui.MyGalleryDetailActivity
ADDED from src\main\AndroidManifest.xml:107:9-64
	android:name
		ADDED from src\main\AndroidManifest.xml:107:19-61
activity#edu.minggo.chat.ui.GameFiveChessActivity
ADDED from src\main\AndroidManifest.xml:108:9-62
	android:name
		ADDED from src\main\AndroidManifest.xml:108:19-59
activity#edu.minggo.chat.ui.PersonalInfoSettingAcitivity
ADDED from src\main\AndroidManifest.xml:109:9-69
	android:name
		ADDED from src\main\AndroidManifest.xml:109:19-66
activity#edu.minggo.chat.ui.PersonalInforAcitivity
ADDED from src\main\AndroidManifest.xml:110:9-63
	android:name
		ADDED from src\main\AndroidManifest.xml:110:19-60
activity#edu.minggo.chat.ui.PersonalPortraitActivity
ADDED from src\main\AndroidManifest.xml:111:9-113:48
	android:theme
		ADDED from src\main\AndroidManifest.xml:113:13-45
	android:name
		ADDED from src\main\AndroidManifest.xml:112:13-56
activity#edu.minggo.chat.ui.PersonnelLocation
ADDED from src\main\AndroidManifest.xml:114:9-58
	android:name
		ADDED from src\main\AndroidManifest.xml:114:19-55
activity#edu.minggo.chat.ui.MyGalleryActivity
ADDED from src\main\AndroidManifest.xml:115:9-58
	android:name
		ADDED from src\main\AndroidManifest.xml:115:19-55
activity#edu.minggo.chat.ui.AppAboutActivity
ADDED from src\main\AndroidManifest.xml:116:9-57
	android:name
		ADDED from src\main\AndroidManifest.xml:116:19-54
activity#edu.minggo.chat.ui.MyphotoAddActivity
ADDED from src\main\AndroidManifest.xml:117:9-59
	android:name
		ADDED from src\main\AndroidManifest.xml:117:19-56
activity#edu.minggo.chat.ui.DeviceDetectDialogActivity
ADDED from src\main\AndroidManifest.xml:118:9-120:58
	android:theme
		ADDED from src\main\AndroidManifest.xml:120:13-55
	android:name
		ADDED from src\main\AndroidManifest.xml:119:13-58
activity#edu.minggo.chat.ui.LoadingActivity
ADDED from src\main\AndroidManifest.xml:121:9-123:57
	android:theme
		ADDED from src\main\AndroidManifest.xml:123:13-54
	android:name
		ADDED from src\main\AndroidManifest.xml:122:13-47
activity#edu.minggo.chat.ui.WelcomeActivity
ADDED from src\main\AndroidManifest.xml:124:9-126:46
	android:theme
		ADDED from src\main\AndroidManifest.xml:126:13-43
	android:name
		ADDED from src\main\AndroidManifest.xml:125:13-47
activity#edu.minggo.chat.ui.ModifyMyInformationActivity
ADDED from src\main\AndroidManifest.xml:127:9-129:57
	android:windowSoftInputMode
		ADDED from src\main\AndroidManifest.xml:129:13-54
	android:name
		ADDED from src\main\AndroidManifest.xml:128:13-59
activity#edu.minggo.chat.ui.DeviceListActivity
ADDED from src\main\AndroidManifest.xml:130:9-133:59
	android:label
		ADDED from src\main\AndroidManifest.xml:132:13-50
	android:theme
		ADDED from src\main\AndroidManifest.xml:133:13-56
	android:name
		ADDED from src\main\AndroidManifest.xml:131:13-50
activity#edu.minggo.chat.ui.DeviceRequestActivity
ADDED from src\main\AndroidManifest.xml:134:9-137:59
	android:label
		ADDED from src\main\AndroidManifest.xml:136:13-50
	android:theme
		ADDED from src\main\AndroidManifest.xml:137:13-56
	android:name
		ADDED from src\main\AndroidManifest.xml:135:13-53
activity#edu.minggo.chat.ui.SexSelectActivity
ADDED from src\main\AndroidManifest.xml:138:9-140:45
	android:theme
		ADDED from src\main\AndroidManifest.xml:140:13-42
	android:name
		ADDED from src\main\AndroidManifest.xml:139:13-49
activity#edu.minggo.chat.ui.AboutDialogActivity
ADDED from src\main\AndroidManifest.xml:141:9-143:45
	android:theme
		ADDED from src\main\AndroidManifest.xml:143:13-42
	android:name
		ADDED from src\main\AndroidManifest.xml:142:13-51
uses-sdk
INJECTED from src\main\AndroidManifest.xml reason: use-sdk injection requested
INJECTED from src\main\AndroidManifest.xml
INJECTED from src\main\AndroidManifest.xml
INJECTED from src\main\AndroidManifest.xml
INJECTED from src\main\AndroidManifest.xml
	android:targetSdkVersion
		INJECTED from src\main\AndroidManifest.xml
		ADDED from src\main\AndroidManifest.xml
		INJECTED from src\main\AndroidManifest.xml
	android:minSdkVersion
		INJECTED from src\main\AndroidManifest.xml
		ADDED from src\main\AndroidManifest.xml
		INJECTED from src\main\AndroidManifest.xml